<?xml version="1.0" encoding="UTF-8"?>
<!-- Generated by org.testng.reporters.JUnitReportReporter -->
<testsuite skipped="0" hostname="Adityas-MacBook-Pro.local" name="com.ad.learnra.PostRequestDemo" tests="1" failures="0" timestamp="14 Feb 2018 08:26:55 GMT" time="1.385" errors="0">
  <testcase name="VerifyStatusCode" time="1.385" classname="com.ad.learnra.PostRequestDemo"/>
</testsuite> <!-- com.ad.learnra.PostRequestDemo -->
