<?xml version="1.0" encoding="UTF-8"?>
<!-- Generated by org.testng.reporters.JUnitReportReporter -->
<testsuite skipped="0" hostname="Adityas-MacBook-Pro.local" name="com.ad.learnra.PostRequestDemo2" tests="1" failures="0" timestamp="13 Feb 2018 08:20:28 GMT" time="0.990" errors="0">
  <testcase name="VerifyStatusCode" time="0.990" classname="com.ad.learnra.PostRequestDemo2"/>
</testsuite> <!-- com.ad.learnra.PostRequestDemo2 -->
