<?xml version="1.0" encoding="UTF-8"?>
<!-- Generated by org.testng.reporters.JUnitReportReporter -->
<testsuite skipped="0" hostname="Adityas-MacBook-Pro.local" name="com.ad.learnra.ValidateResponse" tests="1" failures="0" timestamp="13 Feb 2018 07:11:05 GMT" time="1.371" errors="0">
  <testcase name="VerifyResponseBody" time="1.371" classname="com.ad.learnra.ValidateResponse"/>
</testsuite> <!-- com.ad.learnra.ValidateResponse -->
