<?xml version="1.0" encoding="UTF-8"?>
<!-- Generated by org.testng.reporters.JUnitReportReporter -->
<testsuite skipped="1" hostname="Adityas-MacBook-Pro.local" name="com.ad.learnra.VerifyStatuscodeTest" tests="2" failures="0" timestamp="13 Feb 2018 06:36:31 GMT" time="2.023" errors="0">
  <testcase name="VerifyResponseBody" time="2.023" classname="com.ad.learnra.VerifyStatuscodeTest"/>
  <testcase name="VerifyStatusCode" classname="com.ad.learnra.VerifyStatuscodeTest">
    <skipped/>
  </testcase> <!-- VerifyStatusCode -->
</testsuite> <!-- com.ad.learnra.VerifyStatuscodeTest -->
