<?xml version="1.0" encoding="UTF-8"?>
<!-- Generated by org.testng.reporters.JUnitReportReporter -->
<testsuite skipped="0" hostname="Adityas-MacBook-Pro.local" name="com.ad.learnra.PostRequestWithPOJO" tests="1" failures="0" timestamp="14 Feb 2018 10:09:37 GMT" time="1.220" errors="0">
  <testcase name="VerifyStatusCode" time="1.220" classname="com.ad.learnra.PostRequestWithPOJO"/>
</testsuite> <!-- com.ad.learnra.PostRequestWithPOJO -->
